<?xml version="1.0" encoding="UTF-8"?>
<!-- Generated by org.testng.reporters.JUnitReportReporter -->
<testsuite hostname="DESKTOP-JCOPT59" failures="0" tests="3" name="com.grid.ParalleTest" time="65.429" errors="0" timestamp="2024-07-25T14:50:42 IST" skipped="0">
  <testcase classname="com.grid.ParalleTest" name="crossBrowserTest" time="25.314"/>
  <system-out/>
  <testcase classname="com.grid.ParalleTest" name="crossBrowserTest" time="20.476"/>
  <system-out/>
  <testcase classname="com.grid.ParalleTest" name="crossBrowserTest" time="19.639"/>
  <system-out/>
</testsuite> <!-- com.grid.ParalleTest -->
